0 info it worked if it ends with ok
1 verbose cli [ 'node', '/usr/local/bin/npm', 'start' ]
2 info using npm@3.8.0
3 info using node@v0.10.25
4 verbose node symlink /usr/bin/node
5 verbose run-script [ 'prestart', 'start', 'poststart' ]
6 info lifecycle mean-auth@~prestart: mean-auth@
7 silly lifecycle mean-auth@~prestart: no script for prestart, continuing
8 info lifecycle mean-auth@~start: mean-auth@
9 verbose lifecycle mean-auth@~start: unsafe-perm in lifecycle true
10 verbose lifecycle mean-auth@~start: PATH: /usr/local/lib/node_modules/npm/bin/node-gyp-bin:/home/mangospring/D:Drive/mean-auth-1/node_modules/.bin:/usr/bin:/home/mangospring/bin:/home/mangospring/.rvm/gems/ruby-2.2.1/bin:/home/mangospring/.rvm/gems/ruby-2.2.1@global/bin:/home/mangospring/.rvm/rubies/ruby-2.2.1/bin:/home/mangospring/bin:/usr/local/sbin:/usr/local/bin:/usr/sbin:/usr/bin:/sbin:/bin:/usr/games:/usr/local/games:/home/mangospring/.rvm/bin:/home/mangospring/.rvm/bin:/home/mangospring/.rvm/bin
11 verbose lifecycle mean-auth@~start: CWD: /home/mangospring/D:Drive/mean-auth-1
12 silly lifecycle mean-auth@~start: Args: [ '-c', 'node server/server.js' ]
13 silly lifecycle mean-auth@~start: Returned: code: 8  signal: null
14 info lifecycle mean-auth@~start: Failed to exec start script
15 verbose stack Error: mean-auth@ start: `node server/server.js`
15 verbose stack Exit status 8
15 verbose stack     at EventEmitter.<anonymous> (/usr/local/lib/node_modules/npm/lib/utils/lifecycle.js:239:16)
15 verbose stack     at EventEmitter.emit (events.js:98:17)
15 verbose stack     at ChildProcess.<anonymous> (/usr/local/lib/node_modules/npm/lib/utils/spawn.js:24:14)
15 verbose stack     at ChildProcess.EventEmitter.emit (events.js:98:17)
15 verbose stack     at maybeClose (child_process.js:743:16)
15 verbose stack     at Process.ChildProcess._handle.onexit (child_process.js:810:5)
16 verbose pkgid mean-auth@
17 verbose cwd /home/mangospring/D:Drive/mean-auth-1
18 error Linux 3.16.0-44-generic
19 error argv "node" "/usr/local/bin/npm" "start"
20 error node v0.10.25
21 error npm  v3.8.0
22 error code ELIFECYCLE
23 error mean-auth@ start: `node server/server.js`
23 error Exit status 8
24 error Failed at the mean-auth@ start script 'node server/server.js'.
24 error Make sure you have the latest version of node.js and npm installed.
24 error If you do, this is most likely a problem with the mean-auth package,
24 error not with npm itself.
24 error Tell the author that this fails on your system:
24 error     node server/server.js
24 error You can get information on how to open an issue for this project with:
24 error     npm bugs mean-auth
24 error Or if that isn't available, you can get their info via:
24 error     npm owner ls mean-auth
24 error There is likely additional logging output above.
25 verbose exit [ 1, true ]
